<?xml version="1.0" encoding="UTF-8"?>
<!-- Generated by org.testng.reporters.JUnitReportReporter -->
<testsuite hostname="DESKTOP-TADEQRB" failures="0" tests="1" name="test_Cases.TC012_VerifyProceedToCheckout" time="44.513" errors="0" timestamp="2024-07-08T14:07:12 IST" skipped="0">
  <testcase classname="test_Cases.TC012_VerifyProceedToCheckout" name="verifyProceedToCheckout" time="44.513"/>
</testsuite> <!-- test_Cases.TC012_VerifyProceedToCheckout -->
