<?xml version="1.0" encoding="UTF-8"?>
<!-- Generated by org.testng.reporters.JUnitReportReporter -->
<testsuite hostname="DESKTOP-TADEQRB" failures="0" tests="1" name="test_Cases.UpdateCartTest" time="90.399" errors="0" timestamp="2024-07-08T06:21:25 IST" skipped="0">
  <testcase classname="test_Cases.UpdateCartTest" name="Validation" time="90.399"/>
</testsuite> <!-- test_Cases.UpdateCartTest -->
