<?xml version="1.0" encoding="UTF-8"?>
<!-- Generated by org.testng.reporters.JUnitReportReporter -->
<testsuite hostname="DESKTOP-TADEQRB" failures="0" tests="1" name="test_Cases.TC006_VerifySortingFunctionalityByPrice" time="14.736" errors="0" timestamp="2024-07-08T13:14:00 IST" skipped="0">
  <testcase classname="test_Cases.TC006_VerifySortingFunctionalityByPrice" name="VerifySortingFunctionalityByPrice" time="14.736"/>
</testsuite> <!-- test_Cases.TC006_VerifySortingFunctionalityByPrice -->
