<?xml version="1.0" encoding="UTF-8"?>
<!-- Generated by org.testng.reporters.JUnitReportReporter -->
<testsuite hostname="DESKTOP-TADEQRB" failures="0" tests="1" name="test_Cases.FilterByCategory" time="7.645" errors="0" timestamp="2024-07-06T05:19:59 IST" skipped="0">
  <testcase classname="test_Cases.FilterByCategory" name="Validation" time="7.645"/>
</testsuite> <!-- test_Cases.FilterByCategory -->
