<?xml version="1.0" encoding="UTF-8"?>
<!-- Generated by org.testng.reporters.JUnitReportReporter -->
<testsuite hostname="DESKTOP-TADEQRB" failures="0" tests="1" name="test_Cases.AddToCart" time="50.538" errors="0" timestamp="2024-07-08T06:17:25 IST" skipped="0">
  <testcase classname="test_Cases.AddToCart" name="Validation" time="50.538"/>
</testsuite> <!-- test_Cases.AddToCart -->
