<?xml version="1.0" encoding="UTF-8"?>
<!-- Generated by org.testng.reporters.JUnitReportReporter -->
<testsuite hostname="DESKTOP-TADEQRB" failures="0" tests="1" name="test_Cases.VerifySortingFunctionalityByPrice" time="12.057" errors="0" timestamp="2024-07-06T06:15:03 IST" skipped="0">
  <testcase classname="test_Cases.VerifySortingFunctionalityByPrice" name="Validation" time="12.057"/>
</testsuite> <!-- test_Cases.VerifySortingFunctionalityByPrice -->
