<?xml version="1.0" encoding="UTF-8"?>
<!-- Generated by org.testng.reporters.JUnitReportReporter -->
<testsuite hostname="DESKTOP-TADEQRB" failures="0" tests="3" name="test_Cases.TC019_verifyLoginWithValidCredentials" time="60.490" errors="0" timestamp="2024-07-09T04:03:54 IST" skipped="0">
  <testcase classname="test_Cases.TC019_verifyLoginWithValidCredentials" name="verifyLoginWithValidCredentials" time="19.725"/>
  <testcase classname="test_Cases.TC019_verifyLoginWithValidCredentials" name="verifyLoginWithValidCredentials" time="20.147"/>
  <testcase classname="test_Cases.TC019_verifyLoginWithValidCredentials" name="verifyLoginWithValidCredentials" time="20.618"/>
</testsuite> <!-- test_Cases.TC019_verifyLoginWithValidCredentials -->
