<?xml version="1.0" encoding="UTF-8"?>
<!-- Generated by org.testng.reporters.JUnitReportReporter -->
<testsuite hostname="DESKTOP-TADEQRB" failures="0" tests="1" name="test_Cases.TC002_SearchBox_Functionality" time="7.664" errors="0" timestamp="2024-07-08T13:02:55 IST" skipped="0">
  <testcase classname="test_Cases.TC002_SearchBox_Functionality" name="SearchBox_Functionality" time="7.664"/>
</testsuite> <!-- test_Cases.TC002_SearchBox_Functionality -->
