<?xml version="1.0" encoding="UTF-8"?>
<!-- Generated by org.testng.reporters.JUnitReportReporter -->
<testsuite hostname="DESKTOP-TADEQRB" failures="0" tests="1" name="test_Cases.TC017_VerifyOrderHistory" time="10.153" errors="0" timestamp="2024-07-09T01:53:20 IST" skipped="0">
  <testcase classname="test_Cases.TC017_VerifyOrderHistory" name="VerifyOrderHistory" time="10.153"/>
</testsuite> <!-- test_Cases.TC017_VerifyOrderHistory -->
