<?xml version="1.0" encoding="UTF-8"?>
<!-- Generated by org.testng.reporters.JUnitReportReporter -->
<testsuite hostname="DESKTOP-TADEQRB" failures="0" tests="1" name="test_Cases.TC022_VerifyPasswordResetFunctionality" time="7.267" errors="0" timestamp="2024-07-09T04:49:49 IST" skipped="0">
  <testcase classname="test_Cases.TC022_VerifyPasswordResetFunctionality" name="VerifyPasswordResetFunctionality" time="7.267"/>
</testsuite> <!-- test_Cases.TC022_VerifyPasswordResetFunctionality -->
