<?xml version="1.0" encoding="UTF-8"?>
<!-- Generated by org.testng.reporters.JUnitReportReporter -->
<testsuite hostname="DESKTOP-TADEQRB" failures="0" tests="1" name="test_Cases.ViewCartTest" time="37.421" errors="0" timestamp="2024-07-08T06:54:44 IST" skipped="0">
  <testcase classname="test_Cases.ViewCartTest" name="Validation" time="37.421"/>
</testsuite> <!-- test_Cases.ViewCartTest -->
