<?xml version="1.0" encoding="UTF-8"?>
<!-- Generated by org.testng.reporters.JUnitReportReporter -->
<testsuite hostname="DESKTOP-TADEQRB" failures="0" tests="1" name="test_Cases.SearchBox_Functionality" time="6.687" errors="0" timestamp="2024-07-06T05:19:02 IST" skipped="0">
  <testcase classname="test_Cases.SearchBox_Functionality" name="Validation" time="6.687"/>
</testsuite> <!-- test_Cases.SearchBox_Functionality -->
