<?xml version="1.0" encoding="UTF-8"?>
<!-- Generated by org.testng.reporters.JUnitReportReporter -->
<testsuite hostname="DESKTOP-TADEQRB" failures="0" tests="1" name="test_Cases.TC015_verifyPaymentGatewayIntegration" time="76.484" errors="0" timestamp="2024-07-09T01:50:04 IST" skipped="0">
  <testcase classname="test_Cases.TC015_verifyPaymentGatewayIntegration" name="verifyPaymentGatewayIntegration" time="76.484"/>
</testsuite> <!-- test_Cases.TC015_verifyPaymentGatewayIntegration -->
