<?xml version="1.0" encoding="UTF-8"?>
<!-- Generated by org.testng.reporters.JUnitReportReporter -->
<testsuite hostname="DESKTOP-TADEQRB" failures="0" tests="1" name="test_Cases.TC026_VerifySiteNavigation" time="10.079" errors="0" timestamp="2024-07-09T08:11:54 IST" skipped="0">
  <testcase classname="test_Cases.TC026_VerifySiteNavigation" name="VerifySiteNavigation" time="10.079"/>
</testsuite> <!-- test_Cases.TC026_VerifySiteNavigation -->
