<?xml version="1.0" encoding="UTF-8"?>
<!-- Generated by org.testng.reporters.JUnitReportReporter -->
<testsuite hostname="DESKTOP-TADEQRB" failures="0" tests="1" name="test_Cases.TC009_ViewCartTest" time="31.572" errors="0" timestamp="2024-07-08T13:33:30 IST" skipped="0">
  <testcase classname="test_Cases.TC009_ViewCartTest" name="ViewCartTest" time="31.572"/>
</testsuite> <!-- test_Cases.TC009_ViewCartTest -->
