<?xml version="1.0" encoding="UTF-8"?>
<!-- Generated by org.testng.reporters.JUnitReportReporter -->
<testsuite hostname="DESKTOP-TADEQRB" failures="0" tests="1" name="test_Cases.VerifyFilterBySize" time="14.460" errors="0" timestamp="2024-07-06T05:43:29 IST" skipped="0">
  <testcase classname="test_Cases.VerifyFilterBySize" name="Validation" time="14.460"/>
</testsuite> <!-- test_Cases.VerifyFilterBySize -->
