<?xml version="1.0" encoding="UTF-8"?>
<!-- Generated by org.testng.reporters.JUnitReportReporter -->
<testsuite hostname="DESKTOP-TADEQRB" failures="0" tests="1" name="test_Cases.TC003_FilterByCategory" time="9.674" errors="0" timestamp="2024-07-08T13:06:50 IST" skipped="0">
  <testcase classname="test_Cases.TC003_FilterByCategory" name="FilterByCategory" time="9.674"/>
</testsuite> <!-- test_Cases.TC003_FilterByCategory -->
