<?xml version="1.0" encoding="UTF-8"?>
<!-- Generated by org.testng.reporters.JUnitReportReporter -->
<testsuite hostname="DESKTOP-TADEQRB" failures="0" tests="1" name="test_Cases.VerifyHomePageLoads" time="0.344" errors="0" timestamp="2024-07-06T05:18:14 IST" skipped="0">
  <testcase classname="test_Cases.VerifyHomePageLoads" name="Validation" time="0.344"/>
</testsuite> <!-- test_Cases.VerifyHomePageLoads -->
