<?xml version="1.0" encoding="UTF-8"?>
<!-- Generated by org.testng.reporters.JUnitReportReporter -->
<testsuite hostname="DESKTOP-TADEQRB" failures="0" tests="1" name="test_Cases.TC007_VerifyProductDetailsPage" time="11.715" errors="0" timestamp="2024-07-08T13:15:55 IST" skipped="0">
  <testcase classname="test_Cases.TC007_VerifyProductDetailsPage" name="VerifyProductDetailsPage" time="11.715"/>
</testsuite> <!-- test_Cases.TC007_VerifyProductDetailsPage -->
