<?xml version="1.0" encoding="UTF-8"?>
<!-- Generated by org.testng.reporters.JUnitReportReporter -->
<testsuite hostname="DESKTOP-TADEQRB" failures="0" tests="3" name="test_Cases.TC018_VerifyInvalidSearch" time="7.518" errors="0" timestamp="2024-07-09T03:47:35 IST" skipped="0">
  <testcase classname="test_Cases.TC018_VerifyInvalidSearch" name="verifyNoResultsForInvalidQueries" time="2.492"/>
  <testcase classname="test_Cases.TC018_VerifyInvalidSearch" name="verifyNoResultsForInvalidQueries" time="2.492"/>
  <testcase classname="test_Cases.TC018_VerifyInvalidSearch" name="verifyNoResultsForInvalidQueries" time="2.534"/>
</testsuite> <!-- test_Cases.TC018_VerifyInvalidSearch -->
