<?xml version="1.0" encoding="UTF-8"?>
<!-- Generated by org.testng.reporters.JUnitReportReporter -->
<testsuite hostname="DESKTOP-TADEQRB" failures="0" tests="1" name="test_Cases.TC023_TestWishlistFunctionality" time="26.793" errors="0" timestamp="2024-07-09T05:14:10 IST" skipped="0">
  <testcase classname="test_Cases.TC023_TestWishlistFunctionality" name="TestWishlistFunctionality" time="26.793"/>
</testsuite> <!-- test_Cases.TC023_TestWishlistFunctionality -->
