<?xml version="1.0" encoding="UTF-8"?>
<!-- Generated by org.testng.reporters.JUnitReportReporter -->
<testsuite hostname="DESKTOP-TADEQRB" failures="0" tests="1" name="test_Cases.TC014_VerifyRegisteredUserCheckout" time="77.626" errors="0" timestamp="2024-07-09T01:44:48 IST" skipped="0">
  <testcase classname="test_Cases.TC014_VerifyRegisteredUserCheckout" name="VerifyRegisteredUserCheckout" time="77.626"/>
</testsuite> <!-- test_Cases.TC014_VerifyRegisteredUserCheckout -->
