<?xml version="1.0" encoding="UTF-8"?>
<!-- Generated by org.testng.reporters.JUnitReportReporter -->
<testsuite hostname="DESKTOP-TADEQRB" failures="0" tests="1" name="test_Cases.VerifyProductDetailsPage" time="13.185" errors="0" timestamp="2024-07-06T06:20:58 IST" skipped="0">
  <testcase classname="test_Cases.VerifyProductDetailsPage" name="Validation" time="13.185"/>
</testsuite> <!-- test_Cases.VerifyProductDetailsPage -->
