<?xml version="1.0" encoding="UTF-8"?>
<!-- Generated by org.testng.reporters.JUnitReportReporter -->
<testsuite hostname="DESKTOP-TADEQRB" failures="0" tests="1" name="test_Cases.Create_Account" time="13.196" errors="0" timestamp="2024-07-08T19:01:52 IST" skipped="0">
  <testcase classname="test_Cases.Create_Account" name="Validation" time="13.196"/>
</testsuite> <!-- test_Cases.Create_Account -->
