<?xml version="1.0" encoding="UTF-8"?>
<!-- Generated by org.testng.reporters.JUnitReportReporter -->
<testsuite hostname="DESKTOP-TADEQRB" failures="0" tests="1" name="test_Cases.TC013_GuestCheckoutTest" time="51.752" errors="0" timestamp="2024-07-08T14:10:12 IST" skipped="0">
  <testcase classname="test_Cases.TC013_GuestCheckoutTest" name="verifyGuestCheckout" time="51.752"/>
</testsuite> <!-- test_Cases.TC013_GuestCheckoutTest -->
