<?xml version="1.0" encoding="UTF-8"?>
<!-- Generated by org.testng.reporters.JUnitReportReporter -->
<testsuite hostname="DESKTOP-TADEQRB" failures="0" tests="3" name="test_Cases.TC020_VerifyLoginWIthInValidCredentials" time="53.465" errors="0" timestamp="2024-07-09T04:12:13 IST" skipped="0">
  <testcase classname="test_Cases.TC020_VerifyLoginWIthInValidCredentials" name="verifyLoginWithInValidCredentials" time="17.778"/>
  <testcase classname="test_Cases.TC020_VerifyLoginWIthInValidCredentials" name="verifyLoginWithInValidCredentials" time="17.862"/>
  <testcase classname="test_Cases.TC020_VerifyLoginWIthInValidCredentials" name="verifyLoginWithInValidCredentials" time="17.825"/>
</testsuite> <!-- test_Cases.TC020_VerifyLoginWIthInValidCredentials -->
