<?xml version="1.0" encoding="UTF-8"?>
<!-- Generated by org.testng.reporters.JUnitReportReporter -->
<testsuite hostname="DESKTOP-TADEQRB" failures="0" tests="1" name="test_Cases.TC025_ProductReviewTest" time="26.503" errors="0" timestamp="2024-07-09T08:02:19 IST" skipped="0">
  <testcase classname="test_Cases.TC025_ProductReviewTest" name="VerifyProductComparison" time="26.503"/>
</testsuite> <!-- test_Cases.TC025_ProductReviewTest -->
