<?xml version="1.0" encoding="UTF-8"?>
<!-- Generated by org.testng.reporters.JUnitReportReporter -->
<testsuite hostname="DESKTOP-TADEQRB" failures="0" tests="1" name="test_Cases.TC004_VerifyFilterBySize" time="16.723" errors="0" timestamp="2024-07-08T13:08:54 IST" skipped="0">
  <testcase classname="test_Cases.TC004_VerifyFilterBySize" name="VerifyFilterBySize" time="16.723"/>
</testsuite> <!-- test_Cases.TC004_VerifyFilterBySize -->
