<?xml version="1.0" encoding="UTF-8"?>
<!-- Generated by org.testng.reporters.JUnitReportReporter -->
<testsuite hostname="DESKTOP-TADEQRB" failures="0" tests="1" name="test_Cases.VerifyFilterByColor" time="12.843" errors="0" timestamp="2024-07-06T05:53:46 IST" skipped="0">
  <testcase classname="test_Cases.VerifyFilterByColor" name="Validation" time="12.843"/>
</testsuite> <!-- test_Cases.VerifyFilterByColor -->
