<?xml version="1.0" encoding="UTF-8"?>
<!-- Generated by org.testng.reporters.JUnitReportReporter -->
<testsuite hostname="DESKTOP-TADEQRB" failures="0" tests="1" name="test_Cases.TC010_UpdateCartTest" time="38.353" errors="0" timestamp="2024-07-08T13:39:01 IST" skipped="0">
  <testcase classname="test_Cases.TC010_UpdateCartTest" name="UpdateCartTest" time="38.353"/>
</testsuite> <!-- test_Cases.TC010_UpdateCartTest -->
