<?xml version="1.0" encoding="UTF-8"?>
<!-- Generated by org.testng.reporters.JUnitReportReporter -->
<testsuite hostname="DESKTOP-TADEQRB" failures="0" tests="1" name="test_Cases.TC021_Create_Account" time="8.749" errors="0" timestamp="2024-07-09T04:29:42 IST" skipped="0">
  <testcase classname="test_Cases.TC021_Create_Account" name="Validation" time="8.749"/>
</testsuite> <!-- test_Cases.TC021_Create_Account -->
