<?xml version="1.0" encoding="UTF-8"?>
<!-- Generated by org.testng.reporters.JUnitReportReporter -->
<testsuite hostname="DESKTOP-TADEQRB" failures="0" tests="1" name="test_Cases.TC00" time="8.225" errors="0" timestamp="2024-07-09T03:36:22 IST" skipped="0">
  <testcase classname="test_Cases.TC00" name="Validation" time="8.225"/>
</testsuite> <!-- test_Cases.TC00 -->
